<?xml version="1.0" encoding="UTF-8"?>
<!-- Generated by org.testng.reporters.JUnitReportReporter -->
<testsuite hostname="Prasannakumar" failures="0" tests="1" name="TestsPages.DashboardTestPage" time="7.380" errors="0" timestamp="2024-06-21T10:29:45 IST" skipped="0">
  <testcase classname="TestsPages.DashboardTestPage" name="VerifyDashboardPage" time="7.380"/>
  <system-out/>
</testsuite> <!-- TestsPages.DashboardTestPage -->
