<?xml version="1.0" encoding="UTF-8"?>
<!-- Generated by org.testng.reporters.JUnitReportReporter -->
<testsuite hostname="Prasannakumar" failures="0" tests="2" name="TestsPages.LoginTestPage" time="118.926" errors="0" timestamp="2024-06-20T12:00:01 IST" skipped="0">
  <testcase classname="TestsPages.LoginTestPage" name="VerifyWeAreLoginPage" time="77.748"/>
  <system-out/>
  <testcase classname="TestsPages.LoginTestPage" name="VerifyLoginfunction" time="41.178"/>
  <system-out/>
</testsuite> <!-- TestsPages.LoginTestPage -->
